# JRE version: OpenJDK Runtime Environment Temurin-11.0.13+8 (11.0.13+8) (build 11.0.13+8)
# Java VM: OpenJDK 64-Bit Server VM Temurin-11.0.13+8 (11.0.13+8, mixed mode, tiered, compressed oops, g1 gc, bsd-amd64)
Heap:
 garbage-first heap   total 131072K, used 18045K [0x0000000780000000, 0x0000000800000000)
  region size 1024K, 10 young (10240K), 4 survivors (4096K)
 Metaspace       used 28287K, capacity 29360K, committed 29568K, reserved 1075200K
  class space    used 3430K, capacity 3904K, committed 3968K, reserved 1048576K
GC Heap History (6 events):
Event: 2,023 GC heap before
{Heap before GC invocations=0 (full 0):
 garbage-first heap   total 131072K, used 13312K [0x0000000780000000, 0x0000000800000000)
  region size 1024K, 14 young (14336K), 0 survivors (0K)
 Metaspace       used 10099K, capacity 10378K, committed 10624K, reserved 1058816K
  class space    used 1002K, capacity 1101K, committed 1152K, reserved 1048576K
}
Event: 2,047 GC heap after
{Heap after GC invocations=1 (full 0):
 garbage-first heap   total 131072K, used 2797K [0x0000000780000000, 0x0000000800000000)
  region size 1024K, 2 young (2048K), 2 survivors (2048K)
 Metaspace       used 10099K, capacity 10378K, committed 10624K, reserved 1058816K
  class space    used 1002K, capacity 1101K, committed 1152K, reserved 1048576K
}
Event: 7,205 GC heap before
{Heap before GC invocations=1 (full 0):
 garbage-first heap   total 131072K, used 33517K [0x0000000780000000, 0x0000000800000000)
  region size 1024K, 31 young (31744K), 2 survivors (2048K)
 Metaspace       used 20466K, capacity 21070K, committed 21296K, reserved 1069056K
  class space    used 2410K, capacity 2669K, committed 2688K, reserved 1048576K
}
Event: 7,218 GC heap after
{Heap after GC invocations=2 (full 0):
 garbage-first heap   total 131072K, used 8842K [0x0000000780000000, 0x0000000800000000)
  region size 1024K, 6 young (6144K), 6 survivors (6144K)
 Metaspace       used 20466K, capacity 21070K, committed 21296K, reserved 1069056K
  class space    used 2410K, capacity 2669K, committed 2688K, reserved 1048576K
}
Event: 23,125 GC heap before
{Heap before GC invocations=3 (full 0):
 garbage-first heap   total 131072K, used 34442K [0x0000000780000000, 0x0000000800000000)
  region size 1024K, 31 young (31744K), 6 survivors (6144K)
 Metaspace       used 27939K, capacity 28992K, committed 29312K, reserved 1075200K
  class space    used 3422K, capacity 3867K, committed 3968K, reserved 1048576K
}
Event: 23,154 GC heap after
{Heap after GC invocations=4 (full 0):
 garbage-first heap   total 131072K, used 12925K [0x0000000780000000, 0x0000000800000000)
  region size 1024K, 4 young (4096K), 4 survivors (4096K)
 Metaspace       used 27939K, capacity 28992K, committed 29312K, reserved 1075200K
  class space    used 3422K, capacity 3867K, committed 3968K, reserved 1048576K
}

