# JRE version: OpenJDK Runtime Environment Temurin-11.0.13+8 (11.0.13+8) (build 11.0.13+8)
# Java VM: OpenJDK 64-Bit Server VM Temurin-11.0.13+8 (11.0.13+8, mixed mode, tiered, compressed oops, g1 gc, bsd-amd64)
Heap:
 garbage-first heap   total 131072K, used 33183K [0x0000000780000000, 0x0000000800000000)
  region size 1024K, 25 young (25600K), 4 survivors (4096K)
 Metaspace       used 29655K, capacity 30743K, committed 30976K, reserved 1077248K
  class space    used 3577K, capacity 4063K, committed 4096K, reserved 1048576K
GC Heap History (8 events):
Event: 2,456 GC heap before
{Heap before GC invocations=0 (full 0):
 garbage-first heap   total 131072K, used 13312K [0x0000000780000000, 0x0000000800000000)
  region size 1024K, 14 young (14336K), 0 survivors (0K)
 Metaspace       used 10069K, capacity 10342K, committed 10624K, reserved 1058816K
  class space    used 1009K, capacity 1134K, committed 1152K, reserved 1048576K
}
Event: 2,462 GC heap after
{Heap after GC invocations=1 (full 0):
 garbage-first heap   total 131072K, used 2764K [0x0000000780000000, 0x0000000800000000)
  region size 1024K, 2 young (2048K), 2 survivors (2048K)
 Metaspace       used 10069K, capacity 10342K, committed 10624K, reserved 1058816K
  class space    used 1009K, capacity 1134K, committed 1152K, reserved 1048576K
}
Event: 3,088 GC heap before
{Heap before GC invocations=1 (full 0):
 garbage-first heap   total 131072K, used 14028K [0x0000000780000000, 0x0000000800000000)
  region size 1024K, 13 young (13312K), 2 survivors (2048K)
 Metaspace       used 14136K, capacity 14507K, committed 14848K, reserved 1062912K
  class space    used 1511K, capacity 1671K, committed 1792K, reserved 1048576K
}
Event: 3,113 GC heap after
{Heap after GC invocations=2 (full 0):
 garbage-first heap   total 131072K, used 5108K [0x0000000780000000, 0x0000000800000000)
  region size 1024K, 2 young (2048K), 2 survivors (2048K)
 Metaspace       used 14136K, capacity 14507K, committed 14848K, reserved 1062912K
  class space    used 1511K, capacity 1671K, committed 1792K, reserved 1048576K
}
Event: 7,174 GC heap before
{Heap before GC invocations=2 (full 0):
 garbage-first heap   total 131072K, used 25588K [0x0000000780000000, 0x0000000800000000)
  region size 1024K, 21 young (21504K), 2 survivors (2048K)
 Metaspace       used 20414K, capacity 21070K, committed 21248K, reserved 1067008K
  class space    used 2395K, capacity 2697K, committed 2816K, reserved 1048576K
}
Event: 7,184 GC heap after
{Heap after GC invocations=3 (full 0):
 garbage-first heap   total 131072K, used 9458K [0x0000000780000000, 0x0000000800000000)
  region size 1024K, 4 young (4096K), 4 survivors (4096K)
 Metaspace       used 20414K, capacity 21070K, committed 21248K, reserved 1067008K
  class space    used 2395K, capacity 2697K, committed 2816K, reserved 1048576K
}
Event: 34,033 GC heap before
{Heap before GC invocations=4 (full 0):
 garbage-first heap   total 131072K, used 38130K [0x0000000780000000, 0x0000000800000000)
  region size 1024K, 32 young (32768K), 4 survivors (4096K)
 Metaspace       used 28662K, capacity 29739K, committed 29952K, reserved 1075200K
  class space    used 3561K, capacity 4046K, committed 4096K, reserved 1048576K
}
Event: 34,108 GC heap after
{Heap after GC invocations=5 (full 0):
 garbage-first heap   total 131072K, used 12703K [0x0000000780000000, 0x0000000800000000)
  region size 1024K, 4 young (4096K), 4 survivors (4096K)
 Metaspace       used 28662K, capacity 29739K, committed 29952K, reserved 1075200K
  class space    used 3561K, capacity 4046K, committed 4096K, reserved 1048576K
}

